DEPRECATION WARNING: Leaving `ActiveRecord::ConnectionAdapters::SQLite3Adapter.represent_boolean_as_integer`
set to false is deprecated. SQLite databases have used 't' and 'f' to serialize
boolean values and must have old data converted to 1 and 0 (its native boolean
serialization) before setting this flag to true. Conversion can be accomplished
by setting up a rake task which runs

  ExampleModel.where("boolean_column = 't'").update_all(boolean_column: 1)
  ExampleModel.where("boolean_column = 'f'").update_all(boolean_column: 0)

for all models and all boolean columns, after which the flag must be set to
true by adding the following to your application.rb file:

  Rails.application.config.active_record.sqlite3.represent_boolean_as_integer = true
 (called from <main> at bin/rails:4)
DEPRECATION WARNING: Leaving `ActiveRecord::ConnectionAdapters::SQLite3Adapter.represent_boolean_as_integer`
set to false is deprecated. SQLite databases have used 't' and 'f' to serialize
boolean values and must have old data converted to 1 and 0 (its native boolean
serialization) before setting this flag to true. Conversion can be accomplished
by setting up a rake task which runs

  ExampleModel.where("boolean_column = 't'").update_all(boolean_column: 1)
  ExampleModel.where("boolean_column = 'f'").update_all(boolean_column: 0)

for all models and all boolean columns, after which the flag must be set to
true by adding the following to your application.rb file:

  Rails.application.config.active_record.sqlite3.represent_boolean_as_integer = true
 (called from <main> at bin/rails:4)
DEPRECATION WARNING: Leaving `ActiveRecord::ConnectionAdapters::SQLite3Adapter.represent_boolean_as_integer`
set to false is deprecated. SQLite databases have used 't' and 'f' to serialize
boolean values and must have old data converted to 1 and 0 (its native boolean
serialization) before setting this flag to true. Conversion can be accomplished
by setting up a rake task which runs

  ExampleModel.where("boolean_column = 't'").update_all(boolean_column: 1)
  ExampleModel.where("boolean_column = 'f'").update_all(boolean_column: 0)

for all models and all boolean columns, after which the flag must be set to
true by adding the following to your application.rb file:

  Rails.application.config.active_record.sqlite3.represent_boolean_as_integer = true
 (called from <main> at bin/rails:4)
DEPRECATION WARNING: Leaving `ActiveRecord::ConnectionAdapters::SQLite3Adapter.represent_boolean_as_integer`
set to false is deprecated. SQLite databases have used 't' and 'f' to serialize
boolean values and must have old data converted to 1 and 0 (its native boolean
serialization) before setting this flag to true. Conversion can be accomplished
by setting up a rake task which runs

  ExampleModel.where("boolean_column = 't'").update_all(boolean_column: 1)
  ExampleModel.where("boolean_column = 'f'").update_all(boolean_column: 0)

for all models and all boolean columns, after which the flag must be set to
true by adding the following to your application.rb file:

  Rails.application.config.active_record.sqlite3.represent_boolean_as_integer = true
 (called from load at /Users/mfduan/.rvm/gems/ruby-2.6.1/bin/rake:23)
  [1m[35m (0.1ms)[0m  [1m[34mSELECT sqlite_version(*)[0m
  ↳ /Users/mfduan/.rvm/gems/ruby-2.6.1/bin/rake:23
  [1m[35m (3.3ms)[0m  [1m[35mCREATE TABLE "schema_migrations" ("version" varchar NOT NULL PRIMARY KEY)[0m
  ↳ /Users/mfduan/.rvm/gems/ruby-2.6.1/bin/rake:23
  [1m[35m (2.1ms)[0m  [1m[35mCREATE TABLE "ar_internal_metadata" ("key" varchar NOT NULL PRIMARY KEY, "value" varchar, "created_at" datetime NOT NULL, "updated_at" datetime NOT NULL)[0m
  ↳ /Users/mfduan/.rvm/gems/ruby-2.6.1/bin/rake:23
  [1m[35m (0.2ms)[0m  [1m[34mSELECT "schema_migrations"."version" FROM "schema_migrations" ORDER BY "schema_migrations"."version" ASC[0m
  ↳ /Users/mfduan/.rvm/gems/ruby-2.6.1/bin/rake:23
Migrating to CreateUsers (20190808134322)
  [1m[35m (0.1ms)[0m  [1m[36mbegin transaction[0m
  ↳ /Users/mfduan/.rvm/gems/ruby-2.6.1/bin/rake:23
  [1m[35m (0.1ms)[0m  [1m[31mrollback transaction[0m
  ↳ /Users/mfduan/.rvm/gems/ruby-2.6.1/bin/rake:23
DEPRECATION WARNING: Leaving `ActiveRecord::ConnectionAdapters::SQLite3Adapter.represent_boolean_as_integer`
set to false is deprecated. SQLite databases have used 't' and 'f' to serialize
boolean values and must have old data converted to 1 and 0 (its native boolean
serialization) before setting this flag to true. Conversion can be accomplished
by setting up a rake task which runs

  ExampleModel.where("boolean_column = 't'").update_all(boolean_column: 1)
  ExampleModel.where("boolean_column = 'f'").update_all(boolean_column: 0)

for all models and all boolean columns, after which the flag must be set to
true by adding the following to your application.rb file:

  Rails.application.config.active_record.sqlite3.represent_boolean_as_integer = true
 (called from load at /Users/mfduan/.rvm/gems/ruby-2.6.1/bin/rake:23)
  [1m[35m (0.5ms)[0m  [1m[34mSELECT "schema_migrations"."version" FROM "schema_migrations" ORDER BY "schema_migrations"."version" ASC[0m
  ↳ /Users/mfduan/.rvm/gems/ruby-2.6.1/bin/rake:23
Migrating to CreateUsers (20190808134322)
  [1m[35m (0.1ms)[0m  [1m[36mbegin transaction[0m
  ↳ /Users/mfduan/.rvm/gems/ruby-2.6.1/bin/rake:23
  [1m[35m (0.1ms)[0m  [1m[34mSELECT sqlite_version(*)[0m
  ↳ db/migrate/20190808134322_create_users.rb:3
  [1m[35m (1.1ms)[0m  [1m[35mCREATE TABLE "users" ("id" integer PRIMARY KEY AUTOINCREMENT NOT NULL, "name" varchar, "password_digest" varchar, "happiness" integer, "nausea" integer, "height" integer, "tickets" integer, "admin" boolean DEFAULT 'f', "created_at" datetime NOT NULL, "updated_at" datetime NOT NULL)[0m
  ↳ db/migrate/20190808134322_create_users.rb:3
  [1m[36mActiveRecord::SchemaMigration Create (0.5ms)[0m  [1m[32mINSERT INTO "schema_migrations" ("version") VALUES (?)[0m  [["version", "20190808134322"]]
  ↳ /Users/mfduan/.rvm/gems/ruby-2.6.1/bin/rake:23
  [1m[35m (1.0ms)[0m  [1m[36mcommit transaction[0m
  ↳ /Users/mfduan/.rvm/gems/ruby-2.6.1/bin/rake:23
Migrating to CreateAttractions (20190808134640)
  [1m[35m (0.1ms)[0m  [1m[36mbegin transaction[0m
  ↳ /Users/mfduan/.rvm/gems/ruby-2.6.1/bin/rake:23
  [1m[35m (0.5ms)[0m  [1m[35mCREATE TABLE "attractions" ("id" integer PRIMARY KEY AUTOINCREMENT NOT NULL, "name" varchar, "tickets" integer, "happiness_rating" integer, "nausea_rating" integer, "min_height" integer, "created_at" datetime NOT NULL, "updated_at" datetime NOT NULL)[0m
  ↳ db/migrate/20190808134640_create_attractions.rb:3
  [1m[36mActiveRecord::SchemaMigration Create (0.2ms)[0m  [1m[32mINSERT INTO "schema_migrations" ("version") VALUES (?)[0m  [["version", "20190808134640"]]
  ↳ /Users/mfduan/.rvm/gems/ruby-2.6.1/bin/rake:23
  [1m[35m (1.1ms)[0m  [1m[36mcommit transaction[0m
  ↳ /Users/mfduan/.rvm/gems/ruby-2.6.1/bin/rake:23
Migrating to CreateRides (20190808135642)
  [1m[35m (0.1ms)[0m  [1m[36mbegin transaction[0m
  ↳ /Users/mfduan/.rvm/gems/ruby-2.6.1/bin/rake:23
  [1m[35m (0.6ms)[0m  [1m[35mCREATE TABLE "rides" ("id" integer PRIMARY KEY AUTOINCREMENT NOT NULL, "name" varchar, "user_id" varchar, "attraction_id" integer, "created_at" datetime NOT NULL, "updated_at" datetime NOT NULL)[0m
  ↳ db/migrate/20190808135642_create_rides.rb:3
  [1m[36mActiveRecord::SchemaMigration Create (0.4ms)[0m  [1m[32mINSERT INTO "schema_migrations" ("version") VALUES (?)[0m  [["version", "20190808135642"]]
  ↳ /Users/mfduan/.rvm/gems/ruby-2.6.1/bin/rake:23
  [1m[35m (1.9ms)[0m  [1m[36mcommit transaction[0m
  ↳ /Users/mfduan/.rvm/gems/ruby-2.6.1/bin/rake:23
  [1m[36mActiveRecord::InternalMetadata Load (0.5ms)[0m  [1m[34mSELECT  "ar_internal_metadata".* FROM "ar_internal_metadata" WHERE "ar_internal_metadata"."key" = ? LIMIT ?[0m  [["key", "environment"], ["LIMIT", 1]]
  ↳ /Users/mfduan/.rvm/gems/ruby-2.6.1/bin/rake:23
  [1m[35m (0.1ms)[0m  [1m[36mbegin transaction[0m
  ↳ /Users/mfduan/.rvm/gems/ruby-2.6.1/bin/rake:23
  [1m[36mActiveRecord::InternalMetadata Create (0.8ms)[0m  [1m[32mINSERT INTO "ar_internal_metadata" ("key", "value", "created_at", "updated_at") VALUES (?, ?, ?, ?)[0m  [["key", "environment"], ["value", "development"], ["created_at", "2019-08-08 13:58:11.417590"], ["updated_at", "2019-08-08 13:58:11.417590"]]
  ↳ /Users/mfduan/.rvm/gems/ruby-2.6.1/bin/rake:23
  [1m[35m (1.4ms)[0m  [1m[36mcommit transaction[0m
  ↳ /Users/mfduan/.rvm/gems/ruby-2.6.1/bin/rake:23
  [1m[35m (0.3ms)[0m  [1m[34mSELECT "schema_migrations"."version" FROM "schema_migrations" ORDER BY "schema_migrations"."version" ASC[0m
  ↳ /Users/mfduan/.rvm/gems/ruby-2.6.1/bin/rake:23
DEPRECATION WARNING: Leaving `ActiveRecord::ConnectionAdapters::SQLite3Adapter.represent_boolean_as_integer`
set to false is deprecated. SQLite databases have used 't' and 'f' to serialize
boolean values and must have old data converted to 1 and 0 (its native boolean
serialization) before setting this flag to true. Conversion can be accomplished
by setting up a rake task which runs

  ExampleModel.where("boolean_column = 't'").update_all(boolean_column: 1)
  ExampleModel.where("boolean_column = 'f'").update_all(boolean_column: 0)

for all models and all boolean columns, after which the flag must be set to
true by adding the following to your application.rb file:

  Rails.application.config.active_record.sqlite3.represent_boolean_as_integer = true
 (called from load at /Users/mfduan/.rvm/gems/ruby-2.6.1/bin/rake:23)
  [1m[35m (0.5ms)[0m  [1m[34mSELECT "schema_migrations"."version" FROM "schema_migrations" ORDER BY "schema_migrations"."version" ASC[0m
  ↳ /Users/mfduan/.rvm/gems/ruby-2.6.1/bin/rake:23
DEPRECATION WARNING: Leaving `ActiveRecord::ConnectionAdapters::SQLite3Adapter.represent_boolean_as_integer`
set to false is deprecated. SQLite databases have used 't' and 'f' to serialize
boolean values and must have old data converted to 1 and 0 (its native boolean
serialization) before setting this flag to true. Conversion can be accomplished
by setting up a rake task which runs

  ExampleModel.where("boolean_column = 't'").update_all(boolean_column: 1)
  ExampleModel.where("boolean_column = 'f'").update_all(boolean_column: 0)

for all models and all boolean columns, after which the flag must be set to
true by adding the following to your application.rb file:

  Rails.application.config.active_record.sqlite3.represent_boolean_as_integer = true
 (called from load at /Users/mfduan/.rvm/gems/ruby-2.6.1/bin/rake:23)
  [1m[35m (0.5ms)[0m  [1m[34mSELECT "schema_migrations"."version" FROM "schema_migrations" ORDER BY "schema_migrations"."version" ASC[0m
  ↳ /Users/mfduan/.rvm/gems/ruby-2.6.1/bin/rake:23
  [1m[35m (0.1ms)[0m  [1m[36mbegin transaction[0m
  ↳ db/seeds.rb:55
  [1m[36mUser Create (1.3ms)[0m  [1m[32mINSERT INTO "users" ("name", "password_digest", "happiness", "nausea", "height", "tickets", "created_at", "updated_at") VALUES (?, ?, ?, ?, ?, ?, ?, ?)[0m  [["name", "Max Charles"], ["password_digest", "$2a$12$RVOfvYCGPwSks1mOE4Ho7O0MOzMdWTlH1HVAP3oDrt82OWBz2Khs."], ["happiness", 3], ["nausea", 0], ["height", 32], ["tickets", 6], ["created_at", "2019-08-08 13:59:59.167824"], ["updated_at", "2019-08-08 13:59:59.167824"]]
  ↳ db/seeds.rb:55
  [1m[35m (1.1ms)[0m  [1m[36mcommit transaction[0m
  ↳ db/seeds.rb:55
  [1m[35m (0.1ms)[0m  [1m[36mbegin transaction[0m
  ↳ db/seeds.rb:55
  [1m[36mUser Create (0.5ms)[0m  [1m[32mINSERT INTO "users" ("name", "password_digest", "happiness", "nausea", "height", "tickets", "created_at", "updated_at") VALUES (?, ?, ?, ?, ?, ?, ?, ?)[0m  [["name", "Skai Jackson"], ["password_digest", "$2a$12$ZMBv4DvWQT4/52ywSSqkeu2Hq6RPKmpUCLv08pfb6UEp0NS6LeFaS"], ["happiness", 3], ["nausea", 1], ["height", 60], ["tickets", 10], ["created_at", "2019-08-08 13:59:59.456833"], ["updated_at", "2019-08-08 13:59:59.456833"]]
  ↳ db/seeds.rb:55
  [1m[35m (1.1ms)[0m  [1m[36mcommit transaction[0m
  ↳ db/seeds.rb:55
  [1m[35m (0.1ms)[0m  [1m[36mbegin transaction[0m
  ↳ db/seeds.rb:55
  [1m[36mUser Create (0.4ms)[0m  [1m[32mINSERT INTO "users" ("name", "password_digest", "happiness", "nausea", "height", "tickets", "created_at", "updated_at") VALUES (?, ?, ?, ?, ?, ?, ?, ?)[0m  [["name", "Kaleo Elam"], ["password_digest", "$2a$12$Z7.2RWBpcTwkMiWFOrojQuPboUD5qbZUMRVNo5IQQgaRegNefjdii"], ["happiness", 2], ["nausea", 1], ["height", 59], ["tickets", 15], ["created_at", "2019-08-08 13:59:59.700801"], ["updated_at", "2019-08-08 13:59:59.700801"]]
  ↳ db/seeds.rb:55
  [1m[35m (2.1ms)[0m  [1m[36mcommit transaction[0m
  ↳ db/seeds.rb:55
  [1m[35m (0.1ms)[0m  [1m[36mbegin transaction[0m
  ↳ db/seeds.rb:55
  [1m[36mUser Create (0.4ms)[0m  [1m[32mINSERT INTO "users" ("name", "password_digest", "happiness", "nausea", "height", "tickets", "created_at", "updated_at") VALUES (?, ?, ?, ?, ?, ?, ?, ?)[0m  [["name", "Megan Charpentier"], ["password_digest", "$2a$12$4v5KEu4owUOxzjk9pXOoEeNTBDPADX89jKBgu5cCL5uVRtWglg/4m"], ["happiness", 1], ["nausea", 3], ["height", 60], ["tickets", 12], ["created_at", "2019-08-08 13:59:59.938098"], ["updated_at", "2019-08-08 13:59:59.938098"]]
  ↳ db/seeds.rb:55
  [1m[35m (2.1ms)[0m  [1m[36mcommit transaction[0m
  ↳ db/seeds.rb:55
  [1m[35m (0.1ms)[0m  [1m[36mbegin transaction[0m
  ↳ db/seeds.rb:55
  [1m[36mUser Create (0.5ms)[0m  [1m[32mINSERT INTO "users" ("name", "password_digest", "happiness", "nausea", "height", "tickets", "created_at", "updated_at") VALUES (?, ?, ?, ?, ?, ?, ?, ?)[0m  [["name", "Hayden Byerly"], ["password_digest", "$2a$12$cYeJNVXVM4oqU0.0FfZhUejN0rKtTZTKa9pHjGCfDSKskqyPKMdWW"], ["happiness", 1], ["nausea", 1], ["height", 58], ["tickets", 16], ["created_at", "2019-08-08 14:00:00.201900"], ["updated_at", "2019-08-08 14:00:00.201900"]]
  ↳ db/seeds.rb:55
  [1m[35m (1.9ms)[0m  [1m[36mcommit transaction[0m
  ↳ db/seeds.rb:55
  [1m[35m (0.1ms)[0m  [1m[36mbegin transaction[0m
  ↳ db/seeds.rb:55
  [1m[36mUser Create (0.4ms)[0m  [1m[32mINSERT INTO "users" ("name", "password_digest", "happiness", "nausea", "height", "tickets", "created_at", "updated_at") VALUES (?, ?, ?, ?, ?, ?, ?, ?)[0m  [["name", "Tenzing Norgay Trainor"], ["password_digest", "$2a$12$ZLLTBTrRKPtFx0Qvbh0n7.Sm8MRCz5aHRU/Q1L7403g6bARIKcjTm"], ["happiness", 1], ["nausea", 0], ["height", 55], ["tickets", 10], ["created_at", "2019-08-08 14:00:00.481980"], ["updated_at", "2019-08-08 14:00:00.481980"]]
  ↳ db/seeds.rb:55
  [1m[35m (1.4ms)[0m  [1m[36mcommit transaction[0m
  ↳ db/seeds.rb:55
  [1m[35m (0.1ms)[0m  [1m[36mbegin transaction[0m
  ↳ db/seeds.rb:55
  [1m[36mUser Create (0.5ms)[0m  [1m[32mINSERT INTO "users" ("name", "password_digest", "happiness", "nausea", "height", "tickets", "created_at", "updated_at") VALUES (?, ?, ?, ?, ?, ?, ?, ?)[0m  [["name", "Davis Cleveland"], ["password_digest", "$2a$12$a6402OVgDEUQoWfi9.qiQOuLkmbe4qK65qJesTtDwnpOoVAMPqEwS"], ["happiness", 3], ["nausea", 1], ["height", 36], ["tickets", 5], ["created_at", "2019-08-08 14:00:00.733228"], ["updated_at", "2019-08-08 14:00:00.733228"]]
  ↳ db/seeds.rb:55
  [1m[35m (1.6ms)[0m  [1m[36mcommit transaction[0m
  ↳ db/seeds.rb:55
  [1m[35m (0.1ms)[0m  [1m[36mbegin transaction[0m
  ↳ db/seeds.rb:55
  [1m[36mUser Create (0.3ms)[0m  [1m[32mINSERT INTO "users" ("name", "password_digest", "happiness", "nausea", "height", "tickets", "created_at", "updated_at") VALUES (?, ?, ?, ?, ?, ?, ?, ?)[0m  [["name", "Cole Sand"], ["password_digest", "$2a$12$/DFcffnam0wOqd/w5dJ8duQBTn9M8LVrZZIaWr.0NLiVHEFZB7rxW"], ["happiness", 2], ["nausea", 2], ["height", 34], ["tickets", 7], ["created_at", "2019-08-08 14:00:00.968220"], ["updated_at", "2019-08-08 14:00:00.968220"]]
  ↳ db/seeds.rb:55
  [1m[35m (2.0ms)[0m  [1m[36mcommit transaction[0m
  ↳ db/seeds.rb:55
  [1m[35m (0.1ms)[0m  [1m[36mbegin transaction[0m
  ↳ db/seeds.rb:55
  [1m[36mUser Create (0.4ms)[0m  [1m[32mINSERT INTO "users" ("name", "password_digest", "happiness", "nausea", "height", "tickets", "created_at", "updated_at") VALUES (?, ?, ?, ?, ?, ?, ?, ?)[0m  [["name", "Quvenzhané Wallis"], ["password_digest", "$2a$12$XYTWCIH0IiteQMNibI.FGuLeTEdGwQP.VHSEtaWMZmMhw3r9SMJOS"], ["happiness", 2], ["nausea", 2], ["height", 30], ["tickets", 13], ["created_at", "2019-08-08 14:00:01.228246"], ["updated_at", "2019-08-08 14:00:01.228246"]]
  ↳ db/seeds.rb:55
  [1m[35m (1.7ms)[0m  [1m[36mcommit transaction[0m
  ↳ db/seeds.rb:55
  [1m[35m (0.1ms)[0m  [1m[36mbegin transaction[0m
  ↳ db/seeds.rb:61
  [1m[36mUser Create (0.4ms)[0m  [1m[32mINSERT INTO "users" ("name", "password_digest", "admin", "created_at", "updated_at") VALUES (?, ?, ?, ?, ?)[0m  [["name", "Mary Elitch Long"], ["password_digest", "$2a$12$nDGpiI2nyRwNTVoYZtiIH.ArmQLlcb8l0lgueLyBW2k5FA0y6.Cma"], ["admin", "t"], ["created_at", "2019-08-08 14:00:01.466282"], ["updated_at", "2019-08-08 14:00:01.466282"]]
  ↳ db/seeds.rb:61
  [1m[35m (2.0ms)[0m  [1m[36mcommit transaction[0m
  ↳ db/seeds.rb:61
  [1m[35m (0.1ms)[0m  [1m[36mbegin transaction[0m
  ↳ db/seeds.rb:61
  [1m[36mUser Create (0.3ms)[0m  [1m[32mINSERT INTO "users" ("name", "password_digest", "admin", "created_at", "updated_at") VALUES (?, ?, ?, ?, ?)[0m  [["name", "John Elitch"], ["password_digest", "$2a$12$wB8BiQryL9RJWdA9zkvr..uGgmG.yeqgYctSUfp0B/SqjWPVeOGZq"], ["admin", "t"], ["created_at", "2019-08-08 14:00:01.709193"], ["updated_at", "2019-08-08 14:00:01.709193"]]
  ↳ db/seeds.rb:61
  [1m[35m (2.2ms)[0m  [1m[36mcommit transaction[0m
  ↳ db/seeds.rb:61
  [1m[36mUser Load (0.2ms)[0m  [1m[34mSELECT "users".* FROM "users"[0m
  ↳ db/seeds.rb:73
DEPRECATION WARNING: Leaving `ActiveRecord::ConnectionAdapters::SQLite3Adapter.represent_boolean_as_integer`
set to false is deprecated. SQLite databases have used 't' and 'f' to serialize
boolean values and must have old data converted to 1 and 0 (its native boolean
serialization) before setting this flag to true. Conversion can be accomplished
by setting up a rake task which runs

  ExampleModel.where("boolean_column = 't'").update_all(boolean_column: 1)
  ExampleModel.where("boolean_column = 'f'").update_all(boolean_column: 0)

for all models and all boolean columns, after which the flag must be set to
true by adding the following to your application.rb file:

  Rails.application.config.active_record.sqlite3.represent_boolean_as_integer = true
 (called from instance_eval at /Users/mfduan/.rvm/gems/ruby-2.6.1/gems/activesupport-5.2.3/lib/active_support/lazy_load_hooks.rb:71)
Started GET "/" for ::1 at 2019-08-08 11:50:08 -0400
  [1m[35m (0.4ms)[0m  [1m[34mSELECT "schema_migrations"."version" FROM "schema_migrations" ORDER BY "schema_migrations"."version" ASC[0m
  ↳ /Users/mfduan/.rvm/gems/ruby-2.6.1/gems/activerecord-5.2.3/lib/active_record/log_subscriber.rb:98
  
SyntaxError (/Users/mfduan/Development/code/rails-amusement-park-online-web-pt-021119/app/controllers/sessions_controller.rb:31: syntax error, unexpected end, expecting end-of-input):
  
app/controllers/sessions_controller.rb:31: syntax error, unexpected end, expecting end-of-input
Started GET "/" for ::1 at 2019-08-08 11:50:33 -0400
Processing by SessionsController#new as HTML
Filter chain halted as :require_login rendered or redirected
Completed 403 Forbidden in 1ms (ActiveRecord: 0.0ms)


Started GET "/" for ::1 at 2019-08-08 11:50:38 -0400
Processing by SessionsController#new as HTML
Filter chain halted as :require_login rendered or redirected
Completed 403 Forbidden in 1ms (ActiveRecord: 0.0ms)


DEPRECATION WARNING: Leaving `ActiveRecord::ConnectionAdapters::SQLite3Adapter.represent_boolean_as_integer`
set to false is deprecated. SQLite databases have used 't' and 'f' to serialize
boolean values and must have old data converted to 1 and 0 (its native boolean
serialization) before setting this flag to true. Conversion can be accomplished
by setting up a rake task which runs

  ExampleModel.where("boolean_column = 't'").update_all(boolean_column: 1)
  ExampleModel.where("boolean_column = 'f'").update_all(boolean_column: 0)

for all models and all boolean columns, after which the flag must be set to
true by adding the following to your application.rb file:

  Rails.application.config.active_record.sqlite3.represent_boolean_as_integer = true
 (called from instance_eval at /Users/mfduan/.rvm/gems/ruby-2.6.1/gems/activesupport-5.2.3/lib/active_support/lazy_load_hooks.rb:71)
Started GET "/" for ::1 at 2019-08-08 19:17:25 -0400
  [1m[35m (1.1ms)[0m  [1m[34mSELECT "schema_migrations"."version" FROM "schema_migrations" ORDER BY "schema_migrations"."version" ASC[0m
  ↳ /Users/mfduan/.rvm/gems/ruby-2.6.1/gems/activerecord-5.2.3/lib/active_record/log_subscriber.rb:98
Processing by SessionsController#new as HTML
  Rendering sessions/new.html.erb within layouts/application
  [1m[36mUser Load (0.6ms)[0m  [1m[34mSELECT "users".* FROM "users"[0m
  ↳ app/helpers/sessions_helper.rb:3
  Rendered sessions/new.html.erb within layouts/application (123.6ms)
Started GET "/" for ::1 at 2019-08-08 19:17:29 -0400
Processing by SessionsController#new as HTML
  Rendering sessions/new.html.erb within layouts/application
  [1m[36mUser Load (0.4ms)[0m  [1m[34mSELECT "users".* FROM "users"[0m
  ↳ app/helpers/sessions_helper.rb:3
  Rendered sessions/new.html.erb within layouts/application (3.7ms)
Completed 200 OK in 10636ms (Views: 10563.8ms | ActiveRecord: 48.6ms)


Completed 200 OK in 6905ms (Views: 6902.8ms | ActiveRecord: 0.4ms)


Started POST "/signin" for ::1 at 2019-08-08 19:17:58 -0400
Processing by SessionsController#create as HTML
  Parameters: {"utf8"=>"✓", "authenticity_token"=>"IZ/Z5noDU3AxVxqPFvYnbvd44WqujcrJITrsYH/Vm/+IAVp9w40EcWwJZh7hOvVESwRyma4H95MRj+kj/Xpt2Q==", "user_name"=>"1", "password"=>"[FILTERED]", "commit"=>"Sign In"}
  [1m[36mUser Load (0.4ms)[0m  [1m[34mSELECT  "users".* FROM "users" WHERE "users"."name" = ? LIMIT ?[0m  [["name", "1"], ["LIMIT", 1]]
  ↳ app/controllers/sessions_controller.rb:10
Redirected to http://localhost:3000/signup
Completed 302 Found in 10ms (ActiveRecord: 0.4ms)


Started GET "/signup" for ::1 at 2019-08-08 19:17:58 -0400
Processing by UsersController#new as HTML
  Rendering users/new.html.erb within layouts/application
  Rendered users/new.html.erb within layouts/application (13.0ms)
Completed 200 OK in 110ms (Views: 106.4ms | ActiveRecord: 0.0ms)


DEPRECATION WARNING: Leaving `ActiveRecord::ConnectionAdapters::SQLite3Adapter.represent_boolean_as_integer`
set to false is deprecated. SQLite databases have used 't' and 'f' to serialize
boolean values and must have old data converted to 1 and 0 (its native boolean
serialization) before setting this flag to true. Conversion can be accomplished
by setting up a rake task which runs

  ExampleModel.where("boolean_column = 't'").update_all(boolean_column: 1)
  ExampleModel.where("boolean_column = 'f'").update_all(boolean_column: 0)

for all models and all boolean columns, after which the flag must be set to
true by adding the following to your application.rb file:

  Rails.application.config.active_record.sqlite3.represent_boolean_as_integer = true
 (called from instance_eval at /Users/mfduan/.rvm/gems/ruby-2.6.1/gems/activesupport-5.2.3/lib/active_support/lazy_load_hooks.rb:71)
Started GET "/users/1" for ::1 at 2019-08-08 19:24:30 -0400
  [1m[35m (0.7ms)[0m  [1m[34mSELECT "schema_migrations"."version" FROM "schema_migrations" ORDER BY "schema_migrations"."version" ASC[0m
  ↳ /Users/mfduan/.rvm/gems/ruby-2.6.1/gems/activerecord-5.2.3/lib/active_record/log_subscriber.rb:98
Processing by UsersController#show as HTML
  Parameters: {"id"=>"1"}
Redirected to http://localhost:3000/signin
Completed 302 Found in 11ms (ActiveRecord: 0.0ms)


Started GET "/signin" for ::1 at 2019-08-08 19:24:30 -0400
Processing by SessionsController#new as HTML
  Rendering sessions/new.html.erb within layouts/application
  [1m[36mUser Load (0.3ms)[0m  [1m[34mSELECT "users".* FROM "users"[0m
  ↳ app/helpers/sessions_helper.rb:3
  Rendered sessions/new.html.erb within layouts/application (55.0ms)
Completed 200 OK in 415ms (Views: 411.5ms | ActiveRecord: 1.2ms)


DEPRECATION WARNING: Leaving `ActiveRecord::ConnectionAdapters::SQLite3Adapter.represent_boolean_as_integer`
set to false is deprecated. SQLite databases have used 't' and 'f' to serialize
boolean values and must have old data converted to 1 and 0 (its native boolean
serialization) before setting this flag to true. Conversion can be accomplished
by setting up a rake task which runs

  ExampleModel.where("boolean_column = 't'").update_all(boolean_column: 1)
  ExampleModel.where("boolean_column = 'f'").update_all(boolean_column: 0)

for all models and all boolean columns, after which the flag must be set to
true by adding the following to your application.rb file:

  Rails.application.config.active_record.sqlite3.represent_boolean_as_integer = true
 (called from instance_eval at /Users/mfduan/.rvm/gems/ruby-2.6.1/gems/activesupport-5.2.3/lib/active_support/lazy_load_hooks.rb:71)
Started POST "/signin" for ::1 at 2019-08-08 19:27:53 -0400
  [1m[35m (1.0ms)[0m  [1m[34mSELECT "schema_migrations"."version" FROM "schema_migrations" ORDER BY "schema_migrations"."version" ASC[0m
  ↳ /Users/mfduan/.rvm/gems/ruby-2.6.1/gems/activerecord-5.2.3/lib/active_record/log_subscriber.rb:98
Processing by SessionsController#create as HTML
  Parameters: {"utf8"=>"✓", "authenticity_token"=>"09zsoUnnCjIiJNkOchWQcuVplEjBE0ONIdyVDrsJy5p6Qm868GldM396pZ+F2UJYWRUHu8GZftcRaZBNOaY9vA==", "user_name"=>"1", "password"=>"[FILTERED]", "commit"=>"Sign In"}
  [1m[36mUser Load (0.6ms)[0m  [1m[34mSELECT  "users".* FROM "users" WHERE "users"."name" = ? LIMIT ?[0m  [["name", "1"], ["LIMIT", 1]]
  ↳ app/controllers/sessions_controller.rb:10
Redirected to http://localhost:3000/signup
Completed 302 Found in 22ms (ActiveRecord: 1.1ms)


Started GET "/signup" for ::1 at 2019-08-08 19:27:54 -0400
Processing by UsersController#new as HTML
  Rendering users/new.html.erb within layouts/application
  Rendered users/new.html.erb within layouts/application (9.4ms)
Completed 200 OK in 420ms (Views: 395.5ms | ActiveRecord: 0.7ms)


Started POST "/users" for ::1 at 2019-08-08 19:28:07 -0400
Processing by UsersController#create as HTML
  Parameters: {"utf8"=>"✓", "authenticity_token"=>"XUW/u4EvyO9bbwPI3fjIJ5QgEw7/CabnpnLlAjdconf02zwgOKGf7gYxf1kqNBoNKFyA/f+Dm72Wx+BBtfNUUQ==", "user"=>{"name"=>"xxx", "password"=>"[FILTERED]", "happiness"=>"1", "nausea"=>"1", "height"=>"1", "tickets"=>"1"}, "commit"=>"Create User"}
  [1m[35m (0.6ms)[0m  [1m[36mbegin transaction[0m
  ↳ app/controllers/users_controller.rb:9
  [1m[36mUser Create (2.0ms)[0m  [1m[32mINSERT INTO "users" ("name", "password_digest", "happiness", "nausea", "height", "tickets", "created_at", "updated_at") VALUES (?, ?, ?, ?, ?, ?, ?, ?)[0m  [["name", "xxx"], ["password_digest", "$2a$12$mEwis1bmLrl35hQ0qvDCN.E9L0KAEh3PLKOsw5czXYS4L.L3vZTu."], ["happiness", 1], ["nausea", 1], ["height", 1], ["tickets", 1], ["created_at", "2019-08-08 23:28:08.025821"], ["updated_at", "2019-08-08 23:28:08.025821"]]
  ↳ app/controllers/users_controller.rb:9
  [1m[35m (1.4ms)[0m  [1m[36mcommit transaction[0m
  ↳ app/controllers/users_controller.rb:9
Redirected to http://localhost:3000/users/12
Completed 302 Found in 509ms (ActiveRecord: 4.0ms)


Started GET "/users/12" for ::1 at 2019-08-08 19:28:08 -0400
Processing by UsersController#show as HTML
  Parameters: {"id"=>"12"}
  [1m[36mUser Load (0.2ms)[0m  [1m[34mSELECT  "users".* FROM "users" WHERE "users"."id" = ? LIMIT ?[0m  [["id", 12], ["LIMIT", 1]]
  ↳ app/controllers/users_controller.rb:20
  Rendering users/show.html.erb within layouts/application
  Rendered users/show.html.erb within layouts/application (1.3ms)
Completed 200 OK in 134ms (Views: 128.1ms | ActiveRecord: 0.2ms)


Started GET "/users/13" for ::1 at 2019-08-08 19:28:34 -0400
Processing by UsersController#show as HTML
  Parameters: {"id"=>"13"}
  [1m[36mUser Load (0.2ms)[0m  [1m[34mSELECT  "users".* FROM "users" WHERE "users"."id" = ? LIMIT ?[0m  [["id", 13], ["LIMIT", 1]]
  ↳ app/controllers/users_controller.rb:20
  Rendering users/show.html.erb within layouts/application
  Rendered users/show.html.erb within layouts/application (27.0ms)
Completed 500 Internal Server Error in 34ms (ActiveRecord: 0.2ms)


  
ActionView::Template::Error (undefined method `name' for nil:NilClass):
    1: <h3><%= @user.name %></h3>
    2: <p>Mood: <%= @user.mood %></p>
    3: <p>Height: <%= @user.height %></p>
    4: <p>Tickets: <%= @user.tickets %></p>
  
app/views/users/show.html.erb:1:in `_app_views_users_show_html_erb__2779691325499241605_70105758669740'
app/controllers/users_controller.rb:21:in `show'
Started GET "/users/10" for ::1 at 2019-08-08 19:28:44 -0400
Processing by UsersController#show as HTML
  Parameters: {"id"=>"10"}
  [1m[36mUser Load (0.2ms)[0m  [1m[34mSELECT  "users".* FROM "users" WHERE "users"."id" = ? LIMIT ?[0m  [["id", 10], ["LIMIT", 1]]
  ↳ app/controllers/users_controller.rb:20
  Rendering users/show.html.erb within layouts/application
  Rendered users/show.html.erb within layouts/application (3.1ms)
Completed 500 Internal Server Error in 10ms (ActiveRecord: 0.2ms)


  
ActionView::Template::Error (undefined method `>' for nil:NilClass):
    1: <h3><%= @user.name %></h3>
    2: <p>Mood: <%= @user.mood %></p>
    3: <p>Height: <%= @user.height %></p>
    4: <p>Tickets: <%= @user.tickets %></p>
    5: <br>
  
app/models/user.rb:8:in `mood'
app/views/users/show.html.erb:2:in `_app_views_users_show_html_erb__2779691325499241605_70105765908320'
app/controllers/users_controller.rb:21:in `show'
Started GET "/users/5" for ::1 at 2019-08-08 19:28:57 -0400
Processing by UsersController#show as HTML
  Parameters: {"id"=>"5"}
  [1m[36mUser Load (0.2ms)[0m  [1m[34mSELECT  "users".* FROM "users" WHERE "users"."id" = ? LIMIT ?[0m  [["id", 5], ["LIMIT", 1]]
  ↳ app/controllers/users_controller.rb:20
  Rendering users/show.html.erb within layouts/application
  Rendered users/show.html.erb within layouts/application (1.0ms)
Completed 200 OK in 77ms (Views: 74.2ms | ActiveRecord: 0.2ms)


DEPRECATION WARNING: Leaving `ActiveRecord::ConnectionAdapters::SQLite3Adapter.represent_boolean_as_integer`
set to false is deprecated. SQLite databases have used 't' and 'f' to serialize
boolean values and must have old data converted to 1 and 0 (its native boolean
serialization) before setting this flag to true. Conversion can be accomplished
by setting up a rake task which runs

  ExampleModel.where("boolean_column = 't'").update_all(boolean_column: 1)
  ExampleModel.where("boolean_column = 'f'").update_all(boolean_column: 0)

for all models and all boolean columns, after which the flag must be set to
true by adding the following to your application.rb file:

  Rails.application.config.active_record.sqlite3.represent_boolean_as_integer = true
 (called from instance_eval at /Users/mfduan/.rvm/gems/ruby-2.6.1/gems/activesupport-5.2.3/lib/active_support/lazy_load_hooks.rb:71)
Started GET "/" for ::1 at 2019-08-08 21:02:27 -0400
  [1m[35m (0.6ms)[0m  [1m[34mSELECT "schema_migrations"."version" FROM "schema_migrations" ORDER BY "schema_migrations"."version" ASC[0m
  ↳ /Users/mfduan/.rvm/gems/ruby-2.6.1/gems/activerecord-5.2.3/lib/active_record/log_subscriber.rb:98
Processing by SessionsController#new as HTML
  Rendering sessions/new.html.erb within layouts/application
  [1m[36mUser Load (0.9ms)[0m  [1m[34mSELECT "users".* FROM "users"[0m
  ↳ app/views/sessions/new.html.erb:3
  Rendered sessions/new.html.erb within layouts/application (31.7ms)
Completed 200 OK in 428ms (Views: 396.9ms | ActiveRecord: 1.9ms)


Started POST "/users" for ::1 at 2019-08-08 21:02:47 -0400
Processing by UsersController#create as HTML
  Parameters: {"utf8"=>"✓", "authenticity_token"=>"Kw9FHuIF+Se1uzIGytFNbAvao+RqQ3ymoRNAaxI4lQCCkcaFW4uuJujlTpc9HZ9Gt6YwF2rJQfyRpkUokJdjJg==", "user"=>{"name"=>"xxx", "password"=>"[FILTERED]"}, "commit"=>"Sign In"}
  [1m[35m (0.1ms)[0m  [1m[36mbegin transaction[0m
  ↳ app/controllers/users_controller.rb:9
  [1m[36mUser Create (1.2ms)[0m  [1m[32mINSERT INTO "users" ("name", "password_digest", "created_at", "updated_at") VALUES (?, ?, ?, ?)[0m  [["name", "xxx"], ["password_digest", "$2a$12$XAqrIL4vMlYq30UfhqQNPecBujkNjeGP.lGJnjyBgCANtVJlEyQ0W"], ["created_at", "2019-08-09 01:02:47.794748"], ["updated_at", "2019-08-09 01:02:47.794748"]]
  ↳ app/controllers/users_controller.rb:9
  [1m[35m (1.1ms)[0m  [1m[36mcommit transaction[0m
  ↳ app/controllers/users_controller.rb:9
  [1m[35m (0.1ms)[0m  [1m[36mbegin transaction[0m
  ↳ app/controllers/users_controller.rb:11
  [1m[35m (0.0ms)[0m  [1m[36mcommit transaction[0m
  ↳ app/controllers/users_controller.rb:11
Redirected to http://localhost:3000/users/13
Completed 302 Found in 318ms (ActiveRecord: 2.4ms)


Started GET "/users/13" for ::1 at 2019-08-08 21:02:47 -0400
Processing by UsersController#show as HTML
  Parameters: {"id"=>"13"}
  [1m[36mUser Load (0.3ms)[0m  [1m[34mSELECT  "users".* FROM "users" WHERE "users"."id" = ? LIMIT ?[0m  [["id", 13], ["LIMIT", 1]]
  ↳ app/controllers/users_controller.rb:21
  Rendering users/show.html.erb within layouts/application
  Rendered users/show.html.erb within layouts/application (5.1ms)
Completed 500 Internal Server Error in 12ms (ActiveRecord: 0.3ms)


  
ActionView::Template::Error (undefined method `<' for nil:NilClass):
    1: <h3><%= @user.name %></h3>
    2: <p>Mood: <%= @user.mood %></p>
    3: <p>Height: <%= @user.height %></p>
    4: <p>Tickets: <%= @user.tickets %></p>
    5: <br>
  
app/models/user.rb:8:in `mood'
app/views/users/show.html.erb:2:in `_app_views_users_show_html_erb__4397994980550756963_70170355681940'
app/controllers/users_controller.rb:23:in `show'
Started GET "/users/11" for ::1 at 2019-08-08 21:03:11 -0400
Processing by UsersController#show as HTML
  Parameters: {"id"=>"11"}
  [1m[36mUser Load (0.2ms)[0m  [1m[34mSELECT  "users".* FROM "users" WHERE "users"."id" = ? LIMIT ?[0m  [["id", 11], ["LIMIT", 1]]
  ↳ app/controllers/users_controller.rb:21
  Rendering users/show.html.erb within layouts/application
  Rendered users/show.html.erb within layouts/application (3.7ms)
Completed 500 Internal Server Error in 14ms (ActiveRecord: 0.2ms)


  
ActionView::Template::Error (undefined method `<' for nil:NilClass):
    1: <h3><%= @user.name %></h3>
    2: <p>Mood: <%= @user.mood %></p>
    3: <p>Height: <%= @user.height %></p>
    4: <p>Tickets: <%= @user.tickets %></p>
    5: <br>
  
app/models/user.rb:8:in `mood'
app/views/users/show.html.erb:2:in `_app_views_users_show_html_erb__4397994980550756963_70170317973840'
app/controllers/users_controller.rb:23:in `show'
Started GET "/users/12" for ::1 at 2019-08-08 21:03:15 -0400
Processing by UsersController#show as HTML
  Parameters: {"id"=>"12"}
  [1m[36mUser Load (0.3ms)[0m  [1m[34mSELECT  "users".* FROM "users" WHERE "users"."id" = ? LIMIT ?[0m  [["id", 12], ["LIMIT", 1]]
  ↳ app/controllers/users_controller.rb:21
  Rendering users/show.html.erb within layouts/application
  Rendered users/show.html.erb within layouts/application (1.6ms)
Completed 200 OK in 55ms (Views: 51.8ms | ActiveRecord: 0.3ms)


Started GET "/users/11" for ::1 at 2019-08-08 21:03:54 -0400
Processing by UsersController#show as HTML
  Parameters: {"id"=>"11"}
  [1m[36mUser Load (0.2ms)[0m  [1m[34mSELECT  "users".* FROM "users" WHERE "users"."id" = ? LIMIT ?[0m  [["id", 11], ["LIMIT", 1]]
  ↳ app/controllers/users_controller.rb:21
  Rendering users/show.html.erb within layouts/application
  Rendered users/show.html.erb within layouts/application (0.8ms)
Completed 200 OK in 50ms (Views: 28.8ms | ActiveRecord: 0.9ms)


Started GET "/users/13" for ::1 at 2019-08-08 21:03:59 -0400
Processing by UsersController#show as HTML
  Parameters: {"id"=>"13"}
  [1m[36mUser Load (0.3ms)[0m  [1m[34mSELECT  "users".* FROM "users" WHERE "users"."id" = ? LIMIT ?[0m  [["id", 13], ["LIMIT", 1]]
  ↳ app/controllers/users_controller.rb:21
  Rendering users/show.html.erb within layouts/application
  Rendered users/show.html.erb within layouts/application (0.6ms)
Completed 200 OK in 48ms (Views: 45.2ms | ActiveRecord: 0.3ms)


DEPRECATION WARNING: Leaving `ActiveRecord::ConnectionAdapters::SQLite3Adapter.represent_boolean_as_integer`
set to false is deprecated. SQLite databases have used 't' and 'f' to serialize
boolean values and must have old data converted to 1 and 0 (its native boolean
serialization) before setting this flag to true. Conversion can be accomplished
by setting up a rake task which runs

  ExampleModel.where("boolean_column = 't'").update_all(boolean_column: 1)
  ExampleModel.where("boolean_column = 'f'").update_all(boolean_column: 0)

for all models and all boolean columns, after which the flag must be set to
true by adding the following to your application.rb file:

  Rails.application.config.active_record.sqlite3.represent_boolean_as_integer = true
 (called from instance_eval at /Users/mfduan/.rvm/gems/ruby-2.6.1/gems/activesupport-5.2.3/lib/active_support/lazy_load_hooks.rb:71)
Started GET "/" for ::1 at 2019-08-08 21:09:51 -0400
  [1m[35m (0.5ms)[0m  [1m[34mSELECT "schema_migrations"."version" FROM "schema_migrations" ORDER BY "schema_migrations"."version" ASC[0m
  ↳ /Users/mfduan/.rvm/gems/ruby-2.6.1/gems/activerecord-5.2.3/lib/active_record/log_subscriber.rb:98
Processing by SessionsController#new as HTML
  Rendering sessions/new.html.erb within layouts/application
  [1m[36mUser Load (0.5ms)[0m  [1m[34mSELECT "users".* FROM "users"[0m
  ↳ app/views/sessions/new.html.erb:3
  Rendered sessions/new.html.erb within layouts/application (32.9ms)
Completed 200 OK in 528ms (Views: 503.0ms | ActiveRecord: 1.2ms)


Started POST "/users" for ::1 at 2019-08-08 21:09:57 -0400
Processing by UsersController#create as HTML
  Parameters: {"utf8"=>"✓", "authenticity_token"=>"Y2kjyUB4WJ1SbV9R8nb5GufbNM881Wnx3RYMPAtfTe/K96BS+fYPnA8zI8AFuiswW6enPDxfVKvtowl/ifC7yQ==", "user"=>{"name"=>"Max Charles", "password"=>"[FILTERED]"}, "commit"=>"Sign In"}
No template found for UsersController#create, rendering head :no_content
Completed 204 No Content in 57ms (ActiveRecord: 0.0ms)


Started GET "/signup" for ::1 at 2019-08-08 21:10:37 -0400
Processing by UsersController#new as HTML
  Rendering users/new.html.erb within layouts/application
  Rendered users/new.html.erb within layouts/application (3.2ms)
Completed 200 OK in 53ms (Views: 50.6ms | ActiveRecord: 0.0ms)


Started POST "/users" for ::1 at 2019-08-08 21:10:48 -0400
Processing by UsersController#create as HTML
  Parameters: {"utf8"=>"✓", "authenticity_token"=>"UTILhu/4PkQGLn/HyT+tgbNDKcS1sCLvfBDsCBqhK2r4rIgdVnZpRVtwA1Y+83+rDz+6N7U6H7VMpelLmA7dTA==", "user"=>{"name"=>"xxx", "password"=>"[FILTERED]", "happiness"=>"", "nausea"=>"", "height"=>"", "tickets"=>""}, "commit"=>"Create User"}
  [1m[35m (0.1ms)[0m  [1m[36mbegin transaction[0m
  ↳ app/controllers/users_controller.rb:11
  [1m[36mUser Create (1.3ms)[0m  [1m[32mINSERT INTO "users" ("name", "password_digest", "created_at", "updated_at") VALUES (?, ?, ?, ?)[0m  [["name", "xxx"], ["password_digest", "$2a$12$CNJNn8EMta97wrvkEaX6Ke9koCMHC0S7J2fykpNX1YDld0fKLhLSu"], ["created_at", "2019-08-09 01:10:49.251095"], ["updated_at", "2019-08-09 01:10:49.251095"]]
  ↳ app/controllers/users_controller.rb:11
  [1m[35m (1.4ms)[0m  [1m[36mcommit transaction[0m
  ↳ app/controllers/users_controller.rb:11
Redirected to http://localhost:3000/users/14
Completed 302 Found in 303ms (ActiveRecord: 2.8ms)


Started GET "/users/14" for ::1 at 2019-08-08 21:10:49 -0400
Processing by UsersController#show as HTML
  Parameters: {"id"=>"14"}
  [1m[36mUser Load (0.4ms)[0m  [1m[34mSELECT  "users".* FROM "users" WHERE "users"."id" = ? LIMIT ?[0m  [["id", 14], ["LIMIT", 1]]
  ↳ app/controllers/users_controller.rb:21
  Rendering users/show.html.erb within layouts/application
  Rendered users/show.html.erb within layouts/application (0.7ms)
Completed 200 OK in 62ms (Views: 29.6ms | ActiveRecord: 0.4ms)


Started GET "/" for ::1 at 2019-08-08 21:10:56 -0400
Processing by SessionsController#new as HTML
  Rendering sessions/new.html.erb within layouts/application
  [1m[36mUser Load (0.2ms)[0m  [1m[34mSELECT "users".* FROM "users"[0m
  ↳ app/views/sessions/new.html.erb:3
  Rendered sessions/new.html.erb within layouts/application (6.2ms)
Completed 200 OK in 45ms (Views: 42.6ms | ActiveRecord: 0.2ms)


Started POST "/users" for ::1 at 2019-08-08 21:11:02 -0400
Processing by UsersController#create as HTML
  Parameters: {"utf8"=>"✓", "authenticity_token"=>"BApgAL3zrNa/bkAqpAB5SpleDAkdqqsGcre0BoVkCdutlOObBH371+IwPLtTzKtgJSKf+h0gllxCArFFB8v//Q==", "user"=>{"name"=>"xxx", "password"=>"[FILTERED]"}, "commit"=>"Sign In"}
No template found for UsersController#create, rendering head :no_content
Completed 204 No Content in 50ms (ActiveRecord: 0.0ms)


DEPRECATION WARNING: Leaving `ActiveRecord::ConnectionAdapters::SQLite3Adapter.represent_boolean_as_integer`
set to false is deprecated. SQLite databases have used 't' and 'f' to serialize
boolean values and must have old data converted to 1 and 0 (its native boolean
serialization) before setting this flag to true. Conversion can be accomplished
by setting up a rake task which runs

  ExampleModel.where("boolean_column = 't'").update_all(boolean_column: 1)
  ExampleModel.where("boolean_column = 'f'").update_all(boolean_column: 0)

for all models and all boolean columns, after which the flag must be set to
true by adding the following to your application.rb file:

  Rails.application.config.active_record.sqlite3.represent_boolean_as_integer = true
 (called from instance_eval at /Users/mfduan/.rvm/gems/ruby-2.6.1/gems/activesupport-5.2.3/lib/active_support/lazy_load_hooks.rb:71)
Started GET "/" for ::1 at 2019-08-08 21:12:13 -0400
  [1m[35m (0.2ms)[0m  [1m[34mSELECT "schema_migrations"."version" FROM "schema_migrations" ORDER BY "schema_migrations"."version" ASC[0m
  ↳ /Users/mfduan/.rvm/gems/ruby-2.6.1/gems/activerecord-5.2.3/lib/active_record/log_subscriber.rb:98
Processing by SessionsController#new as HTML
  Rendering sessions/new.html.erb within layouts/application
  [1m[36mUser Load (0.2ms)[0m  [1m[34mSELECT "users".* FROM "users"[0m
  ↳ app/views/sessions/new.html.erb:3
  Rendered sessions/new.html.erb within layouts/application (9.7ms)
Completed 200 OK in 305ms (Views: 280.4ms | ActiveRecord: 0.9ms)


Started POST "/users" for ::1 at 2019-08-08 21:12:19 -0400
Processing by UsersController#create as HTML
  Parameters: {"utf8"=>"✓", "authenticity_token"=>"AbdLkEn9AECsPEz9WnTNJh7qyFccjwpERMpUBxQxaneoKcgL8HNXQfFiMGytuB8MopZbpBwFNx50f1FElp6cUQ==", "user"=>{"name"=>"xxx", "password"=>"[FILTERED]"}, "commit"=>"Sign In"}
  [1m[35m (0.1ms)[0m  [1m[36mbegin transaction[0m
  ↳ app/controllers/users_controller.rb:11
  [1m[36mUser Create (0.6ms)[0m  [1m[32mINSERT INTO "users" ("name", "password_digest", "created_at", "updated_at") VALUES (?, ?, ?, ?)[0m  [["name", "xxx"], ["password_digest", "$2a$12$CI6FZXhajA1dMm0LAzfZuOWWBV8TqLlH..xB4f0vKmATLzktEvBOm"], ["created_at", "2019-08-09 01:12:20.139109"], ["updated_at", "2019-08-09 01:12:20.139109"]]
  ↳ app/controllers/users_controller.rb:11
  [1m[35m (1.3ms)[0m  [1m[36mcommit transaction[0m
  ↳ app/controllers/users_controller.rb:11
Redirected to http://localhost:3000/users/15
Completed 302 Found in 293ms (ActiveRecord: 2.0ms)


Started GET "/users/15" for ::1 at 2019-08-08 21:12:20 -0400
Processing by UsersController#show as HTML
  Parameters: {"id"=>"15"}
  [1m[36mUser Load (0.3ms)[0m  [1m[34mSELECT  "users".* FROM "users" WHERE "users"."id" = ? LIMIT ?[0m  [["id", 15], ["LIMIT", 1]]
  ↳ app/controllers/users_controller.rb:21
  Rendering users/show.html.erb within layouts/application
  Rendered users/show.html.erb within layouts/application (0.8ms)
Completed 200 OK in 44ms (Views: 40.7ms | ActiveRecord: 0.3ms)


Started GET "/" for ::1 at 2019-08-08 21:12:31 -0400
Processing by SessionsController#new as HTML
  Rendering sessions/new.html.erb within layouts/application
  [1m[36mUser Load (0.3ms)[0m  [1m[34mSELECT "users".* FROM "users"[0m
  ↳ app/views/sessions/new.html.erb:3
  Rendered sessions/new.html.erb within layouts/application (4.5ms)
Completed 200 OK in 46ms (Views: 43.4ms | ActiveRecord: 0.3ms)


Started POST "/users" for ::1 at 2019-08-08 21:12:34 -0400
Processing by UsersController#create as HTML
  Parameters: {"utf8"=>"✓", "authenticity_token"=>"Daa394OHSNwNDW+R5ehGGeUJP480VtPVZLJH/i5ybhukODRsOgkf3VBTEwASJJQzWXWsfDTc7o9UB0K9rN2YPQ==", "user"=>{"name"=>"Max Charles", "password"=>"[FILTERED]"}, "commit"=>"Sign In"}
No template found for UsersController#create, rendering head :no_content
Completed 204 No Content in 50ms (ActiveRecord: 0.0ms)


Started GET "/" for ::1 at 2019-08-08 21:12:57 -0400
Processing by SessionsController#new as HTML
  Rendering sessions/new.html.erb within layouts/application
  [1m[36mUser Load (0.3ms)[0m  [1m[34mSELECT "users".* FROM "users"[0m
  ↳ app/views/sessions/new.html.erb:3
  Rendered sessions/new.html.erb within layouts/application (5.0ms)
Completed 200 OK in 82ms (Views: 79.6ms | ActiveRecord: 0.3ms)


Started POST "/users" for ::1 at 2019-08-08 21:13:04 -0400
Processing by UsersController#create as HTML
  Parameters: {"utf8"=>"✓", "authenticity_token"=>"fL6RPdCY8bC4ML0KfxHZ7DuBguEakIOD7eb6M1wSvtbVIBKmaRamseVuwZuI3QvGh/0REhoavtndU/9w3r1I8A==", "user"=>{"name"=>"xxx", "password"=>"[FILTERED]"}, "commit"=>"Sign In"}
  [1m[35m (0.1ms)[0m  [1m[36mbegin transaction[0m
  ↳ app/controllers/users_controller.rb:11
  [1m[36mUser Create (0.4ms)[0m  [1m[32mINSERT INTO "users" ("name", "password_digest", "created_at", "updated_at") VALUES (?, ?, ?, ?)[0m  [["name", "xxx"], ["password_digest", "$2a$12$.AwxhlBz5Ymk5bDd5MA6tuQ/COm0l3QE4VYGFKKtOCvQpiiY8qr9y"], ["created_at", "2019-08-09 01:13:04.977149"], ["updated_at", "2019-08-09 01:13:04.977149"]]
  ↳ app/controllers/users_controller.rb:11
  [1m[35m (1.9ms)[0m  [1m[36mcommit transaction[0m
  ↳ app/controllers/users_controller.rb:11
Redirected to http://localhost:3000/users/16
Completed 302 Found in 298ms (ActiveRecord: 2.4ms)


Started GET "/users/16" for ::1 at 2019-08-08 21:13:05 -0400
Processing by UsersController#show as HTML
  Parameters: {"id"=>"16"}
  [1m[36mUser Load (0.2ms)[0m  [1m[34mSELECT  "users".* FROM "users" WHERE "users"."id" = ? LIMIT ?[0m  [["id", 16], ["LIMIT", 1]]
  ↳ app/controllers/users_controller.rb:21
  Rendering users/show.html.erb within layouts/application
  Rendered users/show.html.erb within layouts/application (0.7ms)
Completed 200 OK in 43ms (Views: 41.3ms | ActiveRecord: 0.2ms)


Started GET "/" for ::1 at 2019-08-08 21:16:25 -0400
Processing by SessionsController#new as HTML
  Rendering sessions/new.html.erb within layouts/application
  [1m[36mUser Load (0.4ms)[0m  [1m[34mSELECT "users".* FROM "users"[0m
  ↳ app/views/sessions/new.html.erb:3
  Rendered sessions/new.html.erb within layouts/application (6.6ms)
Completed 200 OK in 100ms (Views: 75.6ms | ActiveRecord: 1.9ms)


DEPRECATION WARNING: Leaving `ActiveRecord::ConnectionAdapters::SQLite3Adapter.represent_boolean_as_integer`
set to false is deprecated. SQLite databases have used 't' and 'f' to serialize
boolean values and must have old data converted to 1 and 0 (its native boolean
serialization) before setting this flag to true. Conversion can be accomplished
by setting up a rake task which runs

  ExampleModel.where("boolean_column = 't'").update_all(boolean_column: 1)
  ExampleModel.where("boolean_column = 'f'").update_all(boolean_column: 0)

for all models and all boolean columns, after which the flag must be set to
true by adding the following to your application.rb file:

  Rails.application.config.active_record.sqlite3.represent_boolean_as_integer = true
 (called from instance_eval at /Users/mfduan/.rvm/gems/ruby-2.6.1/gems/activesupport-5.2.3/lib/active_support/lazy_load_hooks.rb:71)
Started POST "/users" for ::1 at 2019-08-08 21:49:10 -0400
  [1m[35m (0.4ms)[0m  [1m[34mSELECT "schema_migrations"."version" FROM "schema_migrations" ORDER BY "schema_migrations"."version" ASC[0m
  ↳ /Users/mfduan/.rvm/gems/ruby-2.6.1/gems/activerecord-5.2.3/lib/active_record/log_subscriber.rb:98
Processing by UsersController#create as HTML
  Parameters: {"utf8"=>"✓", "authenticity_token"=>"Sfauz0QDVrPc2ytyXTrzOKxvg/ozinVocLflLjCLEqTgaC1U/Y0BsoGFV+Oq9iESEBMQCTMASDJAAuBtsiTkgg==", "user"=>{"name"=>"xxx", "password"=>"[FILTERED]"}, "commit"=>"Sign In"}
  [1m[35m (0.1ms)[0m  [1m[36mbegin transaction[0m
  ↳ app/controllers/users_controller.rb:11
  [1m[36mUser Create (1.6ms)[0m  [1m[32mINSERT INTO "users" ("name", "password_digest", "created_at", "updated_at") VALUES (?, ?, ?, ?)[0m  [["name", "xxx"], ["password_digest", "$2a$12$vIDMKZ1ifm/90yZeG4kxj.Ven4ct3d7D1P/N8TbDa.puzWie4byVC"], ["created_at", "2019-08-09 01:49:10.835403"], ["updated_at", "2019-08-09 01:49:10.835403"]]
  ↳ app/controllers/users_controller.rb:11
  [1m[35m (0.9ms)[0m  [1m[36mcommit transaction[0m
  ↳ app/controllers/users_controller.rb:11
Redirected to http://localhost:3000/users/17
Completed 302 Found in 273ms (ActiveRecord: 3.4ms)


Started GET "/users/17" for ::1 at 2019-08-08 21:49:10 -0400
Processing by UsersController#show as HTML
  Parameters: {"id"=>"17"}
  [1m[36mUser Load (0.2ms)[0m  [1m[34mSELECT  "users".* FROM "users" WHERE "users"."id" = ? LIMIT ?[0m  [["id", 17], ["LIMIT", 1]]
  ↳ app/controllers/users_controller.rb:21
  Rendering users/show.html.erb within layouts/application
  Rendered users/show.html.erb within layouts/application (3.0ms)
Completed 200 OK in 378ms (Views: 372.3ms | ActiveRecord: 0.2ms)


Started GET "/attractions" for ::1 at 2019-08-08 21:49:14 -0400
Processing by AttractionsController#index as HTML
  [1m[36mUser Load (0.2ms)[0m  [1m[34mSELECT  "users".* FROM "users" WHERE "users"."id" = ? LIMIT ?[0m  [["id", 17], ["LIMIT", 1]]
  ↳ app/controllers/attractions_controller.rb:7
  Rendering attractions/index.html.erb within layouts/application
  [1m[36mAttraction Load (0.8ms)[0m  [1m[34mSELECT "attractions".* FROM "attractions"[0m
  ↳ app/views/attractions/index.html.erb:1
  Rendered attractions/index.html.erb within layouts/application (4.8ms)
Completed 200 OK in 67ms (Views: 59.1ms | ActiveRecord: 1.3ms)


Started GET "/attractions/new" for ::1 at 2019-08-08 21:49:27 -0400
Processing by AttractionsController#new as HTML
Completed 406 Not Acceptable in 50ms (ActiveRecord: 0.0ms)


  
ActionController::UnknownFormat (AttractionsController#new is missing a template for this request format and variant.

request.formats: ["text/html"]
request.variant: []

NOTE! For XHR/Ajax or API requests, this action would normally respond with 204 No Content: an empty white screen. Since you're loading it in a web browser, we assume that you expected to actually render a template, not nothing, so we're showing an error to be extra-clear. If you expect 204 No Content, carry on. That's what you'll get from an XHR or API request. Give it a shot.):
  
actionpack (5.2.3) lib/action_controller/metal/implicit_render.rb:55:in `default_render'
actionpack (5.2.3) lib/action_controller/metal/basic_implicit_render.rb:6:in `block in send_action'
actionpack (5.2.3) lib/action_controller/metal/basic_implicit_render.rb:6:in `tap'
actionpack (5.2.3) lib/action_controller/metal/basic_implicit_render.rb:6:in `send_action'
actionpack (5.2.3) lib/abstract_controller/base.rb:194:in `process_action'
actionpack (5.2.3) lib/action_controller/metal/rendering.rb:30:in `process_action'
actionpack (5.2.3) lib/abstract_controller/callbacks.rb:42:in `block in process_action'
activesupport (5.2.3) lib/active_support/callbacks.rb:132:in `run_callbacks'
actionpack (5.2.3) lib/abstract_controller/callbacks.rb:41:in `process_action'
actionpack (5.2.3) lib/action_controller/metal/rescue.rb:22:in `process_action'
actionpack (5.2.3) lib/action_controller/metal/instrumentation.rb:34:in `block in process_action'
activesupport (5.2.3) lib/active_support/notifications.rb:168:in `block in instrument'
activesupport (5.2.3) lib/active_support/notifications/instrumenter.rb:23:in `instrument'
activesupport (5.2.3) lib/active_support/notifications.rb:168:in `instrument'
actionpack (5.2.3) lib/action_controller/metal/instrumentation.rb:32:in `process_action'
actionpack (5.2.3) lib/action_controller/metal/params_wrapper.rb:256:in `process_action'
activerecord (5.2.3) lib/active_record/railties/controller_runtime.rb:24:in `process_action'
actionpack (5.2.3) lib/abstract_controller/base.rb:134:in `process'
actionview (5.2.3) lib/action_view/rendering.rb:32:in `process'
actionpack (5.2.3) lib/action_controller/metal.rb:191:in `dispatch'
actionpack (5.2.3) lib/action_controller/metal.rb:252:in `dispatch'
actionpack (5.2.3) lib/action_dispatch/routing/route_set.rb:52:in `dispatch'
actionpack (5.2.3) lib/action_dispatch/routing/route_set.rb:34:in `serve'
actionpack (5.2.3) lib/action_dispatch/journey/router.rb:52:in `block in serve'
actionpack (5.2.3) lib/action_dispatch/journey/router.rb:35:in `each'
actionpack (5.2.3) lib/action_dispatch/journey/router.rb:35:in `serve'
actionpack (5.2.3) lib/action_dispatch/routing/route_set.rb:840:in `call'
rack (2.0.7) lib/rack/tempfile_reaper.rb:15:in `call'
rack (2.0.7) lib/rack/etag.rb:25:in `call'
rack (2.0.7) lib/rack/conditional_get.rb:25:in `call'
rack (2.0.7) lib/rack/head.rb:12:in `call'
actionpack (5.2.3) lib/action_dispatch/http/content_security_policy.rb:18:in `call'
rack (2.0.7) lib/rack/session/abstract/id.rb:232:in `context'
rack (2.0.7) lib/rack/session/abstract/id.rb:226:in `call'
actionpack (5.2.3) lib/action_dispatch/middleware/cookies.rb:670:in `call'
activerecord (5.2.3) lib/active_record/migration.rb:559:in `call'
actionpack (5.2.3) lib/action_dispatch/middleware/callbacks.rb:28:in `block in call'
activesupport (5.2.3) lib/active_support/callbacks.rb:98:in `run_callbacks'
actionpack (5.2.3) lib/action_dispatch/middleware/callbacks.rb:26:in `call'
actionpack (5.2.3) lib/action_dispatch/middleware/executor.rb:14:in `call'
actionpack (5.2.3) lib/action_dispatch/middleware/debug_exceptions.rb:61:in `call'
web-console (3.7.0) lib/web_console/middleware.rb:135:in `call_app'
web-console (3.7.0) lib/web_console/middleware.rb:30:in `block in call'
web-console (3.7.0) lib/web_console/middleware.rb:20:in `catch'
web-console (3.7.0) lib/web_console/middleware.rb:20:in `call'
actionpack (5.2.3) lib/action_dispatch/middleware/show_exceptions.rb:33:in `call'
railties (5.2.3) lib/rails/rack/logger.rb:38:in `call_app'
railties (5.2.3) lib/rails/rack/logger.rb:26:in `block in call'
activesupport (5.2.3) lib/active_support/tagged_logging.rb:71:in `block in tagged'
activesupport (5.2.3) lib/active_support/tagged_logging.rb:28:in `tagged'
activesupport (5.2.3) lib/active_support/tagged_logging.rb:71:in `tagged'
railties (5.2.3) lib/rails/rack/logger.rb:26:in `call'
sprockets-rails (3.2.1) lib/sprockets/rails/quiet_assets.rb:13:in `call'
actionpack (5.2.3) lib/action_dispatch/middleware/remote_ip.rb:81:in `call'
actionpack (5.2.3) lib/action_dispatch/middleware/request_id.rb:27:in `call'
rack (2.0.7) lib/rack/method_override.rb:22:in `call'
rack (2.0.7) lib/rack/runtime.rb:22:in `call'
activesupport (5.2.3) lib/active_support/cache/strategy/local_cache_middleware.rb:29:in `call'
actionpack (5.2.3) lib/action_dispatch/middleware/executor.rb:14:in `call'
actionpack (5.2.3) lib/action_dispatch/middleware/static.rb:127:in `call'
rack (2.0.7) lib/rack/sendfile.rb:111:in `call'
railties (5.2.3) lib/rails/engine.rb:524:in `call'
puma (3.12.1) lib/puma/configuration.rb:227:in `call'
puma (3.12.1) lib/puma/server.rb:660:in `handle_request'
puma (3.12.1) lib/puma/server.rb:474:in `process_client'
puma (3.12.1) lib/puma/server.rb:334:in `block in run'
puma (3.12.1) lib/puma/thread_pool.rb:135:in `block in spawn_thread'
DEPRECATION WARNING: Leaving `ActiveRecord::ConnectionAdapters::SQLite3Adapter.represent_boolean_as_integer`
set to false is deprecated. SQLite databases have used 't' and 'f' to serialize
boolean values and must have old data converted to 1 and 0 (its native boolean
serialization) before setting this flag to true. Conversion can be accomplished
by setting up a rake task which runs

  ExampleModel.where("boolean_column = 't'").update_all(boolean_column: 1)
  ExampleModel.where("boolean_column = 'f'").update_all(boolean_column: 0)

for all models and all boolean columns, after which the flag must be set to
true by adding the following to your application.rb file:

  Rails.application.config.active_record.sqlite3.represent_boolean_as_integer = true
 (called from instance_eval at /Users/mfduan/.rvm/gems/ruby-2.6.1/gems/activesupport-5.2.3/lib/active_support/lazy_load_hooks.rb:71)
Started GET "/attractions" for ::1 at 2019-08-10 11:00:03 -0400
  [1m[35m (1.3ms)[0m  [1m[34mSELECT "schema_migrations"."version" FROM "schema_migrations" ORDER BY "schema_migrations"."version" ASC[0m
  ↳ /Users/mfduan/.rvm/gems/ruby-2.6.1/gems/activerecord-5.2.3/lib/active_record/log_subscriber.rb:98
Processing by AttractionsController#index as HTML
  [1m[36mUser Load (0.9ms)[0m  [1m[34mSELECT  "users".* FROM "users" WHERE "users"."id" = ? LIMIT ?[0m  [["id", 17], ["LIMIT", 1]]
  ↳ app/controllers/attractions_controller.rb:7
  Rendering attractions/index.html.erb within layouts/application
  [1m[36mAttraction Load (0.7ms)[0m  [1m[34mSELECT "attractions".* FROM "attractions"[0m
  ↳ app/views/attractions/index.html.erb:1
  Rendered attractions/index.html.erb within layouts/application (4.4ms)
Completed 200 OK in 347ms (Views: 310.2ms | ActiveRecord: 3.1ms)


Started GET "/attractions/new" for ::1 at 2019-08-10 11:00:20 -0400
Processing by AttractionsController#new as HTML
  Rendering attractions/new.html.erb within layouts/application
  Rendered attractions/new.html.erb within layouts/application (17.1ms)
Completed 200 OK in 81ms (Views: 62.9ms | ActiveRecord: 0.6ms)


Started POST "/attractions" for ::1 at 2019-08-10 11:01:23 -0400
Processing by AttractionsController#create as HTML
  Parameters: {"utf8"=>"✓", "authenticity_token"=>"qLq9Mi74kFoDObJ/eYl1YJwYvldk8EAZLEBevtHPIKkBJD6pl3bHW15nzu6ORadKIGQtpGR6fUMc9Vv9U2DWjw==", "attraction"=>{"name"=>"xxx", "tickets"=>"1", "nausea_rating"=>"1", "happiness_rating"=>"4", "min_height"=>"1"}, "commit"=>"Create Attraction"}
  [1m[35m (0.1ms)[0m  [1m[36mbegin transaction[0m
  ↳ app/controllers/attractions_controller.rb:15
  [1m[36mAttraction Create (1.3ms)[0m  [1m[32mINSERT INTO "attractions" ("name", "tickets", "happiness_rating", "nausea_rating", "min_height", "created_at", "updated_at") VALUES (?, ?, ?, ?, ?, ?, ?)[0m  [["name", "xxx"], ["tickets", 1], ["happiness_rating", 4], ["nausea_rating", 1], ["min_height", 1], ["created_at", "2019-08-10 15:01:23.203334"], ["updated_at", "2019-08-10 15:01:23.203334"]]
  ↳ app/controllers/attractions_controller.rb:15
  [1m[35m (1.4ms)[0m  [1m[36mcommit transaction[0m
  ↳ app/controllers/attractions_controller.rb:15
Redirected to http://localhost:3000/attractions/1
Completed 302 Found in 10ms (ActiveRecord: 2.8ms)


Started GET "/attractions/1" for ::1 at 2019-08-10 11:01:23 -0400
Processing by AttractionsController#show as HTML
  Parameters: {"id"=>"1"}
  [1m[36mAttraction Load (0.3ms)[0m  [1m[34mSELECT  "attractions".* FROM "attractions" WHERE "attractions"."id" = ? LIMIT ?[0m  [["id", 1], ["LIMIT", 1]]
  ↳ app/controllers/attractions_controller.rb:20
  [1m[36mUser Load (0.2ms)[0m  [1m[34mSELECT  "users".* FROM "users" WHERE "users"."id" = ? LIMIT ?[0m  [["id", 17], ["LIMIT", 1]]
  ↳ app/controllers/attractions_controller.rb:21
  Rendering attractions/show.html.erb within layouts/application
  Rendered attractions/show.html.erb within layouts/application (2.3ms)
Completed 200 OK in 49ms (Views: 43.5ms | ActiveRecord: 0.5ms)


Started PATCH "/users/17" for ::1 at 2019-08-10 11:01:25 -0400
Processing by UsersController#update as HTML
  Parameters: {"utf8"=>"✓", "authenticity_token"=>"RPvNyQ/SKBM8oy7d2sFY8fQ2QiPl/E+B0VDkMGcKzYTtZU5Stlx/EmH9UkwtDYrbSErR0OV2ctvh5eFz5aU7og==", "user"=>{"attraction_id"=>"1"}, "commit"=>"Go on this ride", "id"=>"17"}
  [1m[36mUser Load (0.2ms)[0m  [1m[34mSELECT  "users".* FROM "users" WHERE "users"."id" = ? LIMIT ?[0m  [["id", 17], ["LIMIT", 1]]
  ↳ app/controllers/users_controller.rb:27
  [1m[36mAttraction Load (0.2ms)[0m  [1m[34mSELECT  "attractions".* FROM "attractions" WHERE "attractions"."id" = ? LIMIT ?[0m  [["id", 1], ["LIMIT", 1]]
  ↳ app/controllers/users_controller.rb:28
Completed 500 Internal Server Error in 30ms (ActiveRecord: 3.3ms)


  
NoMethodError (undefined method `<' for nil:NilClass):
  
app/models/ride.rb:6:in `take_ride'
app/controllers/users_controller.rb:32:in `update'
